# JRE version: OpenJDK Runtime Environment (8.0_202-b03) (build 1.8.0_202-release-1483-b03)
# Java VM: OpenJDK 64-Bit Server VM (25.202-b03 mixed mode windows-amd64 compressed oops)
Heap:
 PSYoungGen      total 322048K, used 49931K [0x00000000e0000000, 0x00000000f5880000, 0x0000000100000000)
  eden space 294400K, 14% used [0x00000000e0000000,0x00000000e29d2570,0x00000000f1f80000)
  from space 27648K, 25% used [0x00000000f2280000,0x00000000f29706e0,0x00000000f3d80000)
  to   space 24064K, 0% used [0x00000000f4100000,0x00000000f4100000,0x00000000f5880000)
 ParOldGen       total 218624K, used 42524K [0x00000000a0000000, 0x00000000ad580000, 0x00000000e0000000)
  object space 218624K, 19% used [0x00000000a0000000,0x00000000a29871c8,0x00000000ad580000)
 Metaspace       used 82640K, capacity 86295K, committed 86552K, reserved 1124352K
  class space    used 11069K, capacity 11779K, committed 11800K, reserved 1048576K
GC Heap History (10 events):
Event: 7.952 GC heap before
{Heap before GC invocations=10 (full 2):
 PSYoungGen      total 165376K, used 31312K [0x00000000e0000000, 0x00000000f0c80000, 0x0000000100000000)
  eden space 148480K, 9% used [0x00000000e0000000,0x00000000e0e1aaa0,0x00000000e9100000)
  from space 16896K, 99% used [0x00000000e9100000,0x00000000ea179808,0x00000000ea180000)
  to   space 23040K, 0% used [0x00000000ef600000,0x00000000ef600000,0x00000000f0c80000)
 ParOldGen       total 167424K, used 30522K [0x00000000a0000000, 0x00000000aa380000, 0x00000000e0000000)
  object space 167424K, 18% used [0x00000000a0000000,0x00000000a1dce990,0x00000000aa380000)
 Metaspace       used 57534K, capacity 59151K, committed 59160K, reserved 1099776K
  class space    used 7842K, capacity 8207K, committed 8216K, reserved 1048576K
Event: 7.987 GC heap after
Heap after GC invocations=10 (full 2):
 PSYoungGen      total 251392K, used 16613K [0x00000000e0000000, 0x00000000f2e80000, 0x0000000100000000)
  eden space 228352K, 0% used [0x00000000e0000000,0x00000000e0000000,0x00000000edf00000)
  from space 23040K, 72% used [0x00000000ef600000,0x00000000f06397d8,0x00000000f0c80000)
  to   space 23552K, 0% used [0x00000000edf00000,0x00000000edf00000,0x00000000ef600000)
 ParOldGen       total 167424K, used 30530K [0x00000000a0000000, 0x00000000aa380000, 0x00000000e0000000)
  object space 167424K, 18% used [0x00000000a0000000,0x00000000a1dd0990,0x00000000aa380000)
 Metaspace       used 57534K, capacity 59151K, committed 59160K, reserved 1099776K
  class space    used 7842K, capacity 8207K, committed 8216K, reserved 1048576K
}
Event: 7.987 GC heap before
{Heap before GC invocations=11 (full 3):
 PSYoungGen      total 251392K, used 16613K [0x00000000e0000000, 0x00000000f2e80000, 0x0000000100000000)
  eden space 228352K, 0% used [0x00000000e0000000,0x00000000e0000000,0x00000000edf00000)
  from space 23040K, 72% used [0x00000000ef600000,0x00000000f06397d8,0x00000000f0c80000)
  to   space 23552K, 0% used [0x00000000edf00000,0x00000000edf00000,0x00000000ef600000)
 ParOldGen       total 167424K, used 30530K [0x00000000a0000000, 0x00000000aa380000, 0x00000000e0000000)
  object space 167424K, 18% used [0x00000000a0000000,0x00000000a1dd0990,0x00000000aa380000)
 Metaspace       used 57534K, capacity 59151K, committed 59160K, reserved 1099776K
  class space    used 7842K, capacity 8207K, committed 8216K, reserved 1048576K
Event: 8.196 GC heap after
Heap after GC invocations=11 (full 3):
 PSYoungGen      total 251392K, used 0K [0x00000000e0000000, 0x00000000f2e80000, 0x0000000100000000)
  eden space 228352K, 0% used [0x00000000e0000000,0x00000000e0000000,0x00000000edf00000)
  from space 23040K, 0% used [0x00000000ef600000,0x00000000ef600000,0x00000000f0c80000)
  to   space 23552K, 0% used [0x00000000edf00000,0x00000000edf00000,0x00000000ef600000)
 ParOldGen       total 218624K, used 28247K [0x00000000a0000000, 0x00000000ad580000, 0x00000000e0000000)
  object space 218624K, 12% used [0x00000000a0000000,0x00000000a1b95dd0,0x00000000ad580000)
 Metaspace       used 57464K, capacity 58951K, committed 59160K, reserved 1099776K
  class space    used 7822K, capacity 8171K, committed 8216K, reserved 1048576K
}
Event: 63.194 GC heap before
{Heap before GC invocations=12 (full 3):
 PSYoungGen      total 251392K, used 228352K [0x00000000e0000000, 0x00000000f2e80000, 0x0000000100000000)
  eden space 228352K, 100% used [0x00000000e0000000,0x00000000edf00000,0x00000000edf00000)
  from space 23040K, 0% used [0x00000000ef600000,0x00000000ef600000,0x00000000f0c80000)
  to   space 23552K, 0% used [0x00000000edf00000,0x00000000edf00000,0x00000000ef600000)
 ParOldGen       total 218624K, used 28247K [0x00000000a0000000, 0x00000000ad580000, 0x00000000e0000000)
  object space 218624K, 12% used [0x00000000a0000000,0x00000000a1b95dd0,0x00000000ad580000)
 Metaspace       used 64979K, capacity 67151K, committed 67224K, reserved 1107968K
  class space    used 8588K, capacity 9057K, committed 9112K, reserved 1048576K
Event: 63.212 GC heap after
Heap after GC invocations=12 (full 3):
 PSYoungGen      total 251904K, used 17595K [0x00000000e0000000, 0x00000000f5880000, 0x0000000100000000)
  eden space 228352K, 0% used [0x00000000e0000000,0x00000000e0000000,0x00000000edf00000)
  from space 23552K, 74% used [0x00000000edf00000,0x00000000ef02edb0,0x00000000ef600000)
  to   space 24064K, 0% used [0x00000000f4100000,0x00000000f4100000,0x00000000f5880000)
 ParOldGen       total 218624K, used 28255K [0x00000000a0000000, 0x00000000ad580000, 0x00000000e0000000)
  object space 218624K, 12% used [0x00000000a0000000,0x00000000a1b97dd0,0x00000000ad580000)
 Metaspace       used 64979K, capacity 67151K, committed 67224K, reserved 1107968K
  class space    used 8588K, capacity 9057K, committed 9112K, reserved 1048576K
}
Event: 971.397 GC heap before
{Heap before GC invocations=13 (full 3):
 PSYoungGen      total 251904K, used 245947K [0x00000000e0000000, 0x00000000f5880000, 0x0000000100000000)
  eden space 228352K, 100% used [0x00000000e0000000,0x00000000edf00000,0x00000000edf00000)
  from space 23552K, 74% used [0x00000000edf00000,0x00000000ef02edb0,0x00000000ef600000)
  to   space 24064K, 0% used [0x00000000f4100000,0x00000000f4100000,0x00000000f5880000)
 ParOldGen       total 218624K, used 28255K [0x00000000a0000000, 0x00000000ad580000, 0x00000000e0000000)
  object space 218624K, 12% used [0x00000000a0000000,0x00000000a1b97dd0,0x00000000ad580000)
 Metaspace       used 76481K, capacity 79313K, committed 79384K, reserved 1118208K
  class space    used 10194K, capacity 10766K, committed 10776K, reserved 1048576K
Event: 971.417 GC heap after
Heap after GC invocations=13 (full 3):
 PSYoungGen      total 318464K, used 24045K [0x00000000e0000000, 0x00000000f5880000, 0x0000000100000000)
  eden space 294400K, 0% used [0x00000000e0000000,0x00000000e0000000,0x00000000f1f80000)
  from space 24064K, 99% used [0x00000000f4100000,0x00000000f587b760,0x00000000f5880000)
  to   space 27648K, 0% used [0x00000000f2280000,0x00000000f2280000,0x00000000f3d80000)
 ParOldGen       total 218624K, used 29783K [0x00000000a0000000, 0x00000000ad580000, 0x00000000e0000000)
  object space 218624K, 13% used [0x00000000a0000000,0x00000000a1d15f98,0x00000000ad580000)
 Metaspace       used 76481K, capacity 79313K, committed 79384K, reserved 1118208K
  class space    used 10194K, capacity 10766K, committed 10776K, reserved 1048576K
}
Event: 1119.504 GC heap before
{Heap before GC invocations=14 (full 3):
 PSYoungGen      total 318464K, used 318445K [0x00000000e0000000, 0x00000000f5880000, 0x0000000100000000)
  eden space 294400K, 100% used [0x00000000e0000000,0x00000000f1f80000,0x00000000f1f80000)
  from space 24064K, 99% used [0x00000000f4100000,0x00000000f587b760,0x00000000f5880000)
  to   space 27648K, 0% used [0x00000000f2280000,0x00000000f2280000,0x00000000f3d80000)
 ParOldGen       total 218624K, used 29783K [0x00000000a0000000, 0x00000000ad580000, 0x00000000e0000000)
  object space 218624K, 13% used [0x00000000a0000000,0x00000000a1d15f98,0x00000000ad580000)
 Metaspace       used 82569K, capacity 86241K, committed 86296K, reserved 1124352K
  class space    used 11063K, capacity 11770K, committed 11800K, reserved 1048576K
Event: 1119.518 GC heap after
Heap after GC invocations=14 (full 3):
 PSYoungGen      total 322048K, used 7105K [0x00000000e0000000, 0x00000000f5880000, 0x0000000100000000)
  eden space 294400K, 0% used [0x00000000e0000000,0x00000000e0000000,0x00000000f1f80000)
  from space 27648K, 25% used [0x00000000f2280000,0x00000000f29706e0,0x00000000f3d80000)
  to   space 24064K, 0% used [0x00000000f4100000,0x00000000f4100000,0x00000000f5880000)
 ParOldGen       total 218624K, used 42524K [0x00000000a0000000, 0x00000000ad580000, 0x00000000e0000000)
  object space 218624K, 19% used [0x00000000a0000000,0x00000000a29871c8,0x00000000ad580000)
 Metaspace       used 82569K, capacity 86241K, committed 86296K, reserved 1124352K
  class space    used 11063K, capacity 11770K, committed 11800K, reserved 1048576K
}

