# JRE version: OpenJDK Runtime Environment (8.0_202-b03) (build 1.8.0_202-release-1483-b03)
# Java VM: OpenJDK 64-Bit Server VM (25.202-b03 mixed mode windows-amd64 compressed oops)
Heap:
 PSYoungGen      total 492032K, used 35051K [0x00000000e0000000, 0x0000000100000000, 0x0000000100000000)
  eden space 460800K, 5% used [0x00000000e0000000,0x00000000e1a25758,0x00000000fc200000)
  from space 31232K, 26% used [0x00000000fe180000,0x00000000fe9956c0,0x0000000100000000)
  to   space 31744K, 0% used [0x00000000fc200000,0x00000000fc200000,0x00000000fe100000)
 ParOldGen       total 280064K, used 86560K [0x00000000a0000000, 0x00000000b1180000, 0x00000000e0000000)
  object space 280064K, 30% used [0x00000000a0000000,0x00000000a5488158,0x00000000b1180000)
 Metaspace       used 83638K, capacity 88084K, committed 88408K, reserved 1126400K
  class space    used 10940K, capacity 11779K, committed 11904K, reserved 1048576K
GC Heap History (10 events):
Event: 168.598 GC heap before
{Heap before GC invocations=23 (full 3):
 PSYoungGen      total 292864K, used 287080K [0x00000000e0000000, 0x00000000f7c00000, 0x0000000100000000)
  eden space 258560K, 100% used [0x00000000e0000000,0x00000000efc80000,0x00000000efc80000)
  from space 34304K, 83% used [0x00000000efc80000,0x00000000f185a100,0x00000000f1e00000)
  to   space 36352K, 0% used [0x00000000f5880000,0x00000000f5880000,0x00000000f7c00000)
 ParOldGen       total 280064K, used 54977K [0x00000000a0000000, 0x00000000b1180000, 0x00000000e0000000)
  object space 280064K, 19% used [0x00000000a0000000,0x00000000a35b07c0,0x00000000b1180000)
 Metaspace       used 83205K, capacity 87680K, committed 87768K, reserved 1126400K
  class space    used 10929K, capacity 11747K, committed 11776K, reserved 1048576K
Event: 168.620 GC heap after
Heap after GC invocations=23 (full 3):
 PSYoungGen      total 354304K, used 19292K [0x00000000e0000000, 0x00000000f7c00000, 0x0000000100000000)
  eden space 317952K, 0% used [0x00000000e0000000,0x00000000e0000000,0x00000000f3680000)
  from space 36352K, 53% used [0x00000000f5880000,0x00000000f6b57340,0x00000000f7c00000)
  to   space 34816K, 0% used [0x00000000f3680000,0x00000000f3680000,0x00000000f5880000)
 ParOldGen       total 280064K, used 64585K [0x00000000a0000000, 0x00000000b1180000, 0x00000000e0000000)
  object space 280064K, 23% used [0x00000000a0000000,0x00000000a3f126c0,0x00000000b1180000)
 Metaspace       used 83205K, capacity 87680K, committed 87768K, reserved 1126400K
  class space    used 10929K, capacity 11747K, committed 11776K, reserved 1048576K
}
Event: 169.043 GC heap before
{Heap before GC invocations=24 (full 3):
 PSYoungGen      total 354304K, used 337244K [0x00000000e0000000, 0x00000000f7c00000, 0x0000000100000000)
  eden space 317952K, 100% used [0x00000000e0000000,0x00000000f3680000,0x00000000f3680000)
  from space 36352K, 53% used [0x00000000f5880000,0x00000000f6b57340,0x00000000f7c00000)
  to   space 34816K, 0% used [0x00000000f3680000,0x00000000f3680000,0x00000000f5880000)
 ParOldGen       total 280064K, used 64585K [0x00000000a0000000, 0x00000000b1180000, 0x00000000e0000000)
  object space 280064K, 23% used [0x00000000a0000000,0x00000000a3f126c0,0x00000000b1180000)
 Metaspace       used 83354K, capacity 87832K, committed 88024K, reserved 1126400K
  class space    used 10929K, capacity 11747K, committed 11776K, reserved 1048576K
Event: 169.069 GC heap after
Heap after GC invocations=24 (full 3):
 PSYoungGen      total 352768K, used 18889K [0x00000000e0000000, 0x00000000fc180000, 0x0000000100000000)
  eden space 317952K, 0% used [0x00000000e0000000,0x00000000e0000000,0x00000000f3680000)
  from space 34816K, 54% used [0x00000000f3680000,0x00000000f48f25d8,0x00000000f5880000)
  to   space 33280K, 0% used [0x00000000fa100000,0x00000000fa100000,0x00000000fc180000)
 ParOldGen       total 280064K, used 67820K [0x00000000a0000000, 0x00000000b1180000, 0x00000000e0000000)
  object space 280064K, 24% used [0x00000000a0000000,0x00000000a423b278,0x00000000b1180000)
 Metaspace       used 83354K, capacity 87832K, committed 88024K, reserved 1126400K
  class space    used 10929K, capacity 11747K, committed 11776K, reserved 1048576K
}
Event: 169.586 GC heap before
{Heap before GC invocations=25 (full 3):
 PSYoungGen      total 352768K, used 336841K [0x00000000e0000000, 0x00000000fc180000, 0x0000000100000000)
  eden space 317952K, 100% used [0x00000000e0000000,0x00000000f3680000,0x00000000f3680000)
  from space 34816K, 54% used [0x00000000f3680000,0x00000000f48f25d8,0x00000000f5880000)
  to   space 33280K, 0% used [0x00000000fa100000,0x00000000fa100000,0x00000000fc180000)
 ParOldGen       total 280064K, used 67820K [0x00000000a0000000, 0x00000000b1180000, 0x00000000e0000000)
  object space 280064K, 24% used [0x00000000a0000000,0x00000000a423b278,0x00000000b1180000)
 Metaspace       used 83437K, capacity 87916K, committed 88024K, reserved 1126400K
  class space    used 10931K, capacity 11747K, committed 11776K, reserved 1048576K
Event: 169.611 GC heap after
Heap after GC invocations=25 (full 3):
 PSYoungGen      total 422912K, used 18942K [0x00000000e0000000, 0x00000000fbe80000, 0x0000000100000000)
  eden space 392704K, 0% used [0x00000000e0000000,0x00000000e0000000,0x00000000f7f80000)
  from space 30208K, 62% used [0x00000000fa100000,0x00000000fb37fa60,0x00000000fbe80000)
  to   space 32256K, 0% used [0x00000000f7f80000,0x00000000f7f80000,0x00000000f9f00000)
 ParOldGen       total 280064K, used 74697K [0x00000000a0000000, 0x00000000b1180000, 0x00000000e0000000)
  object space 280064K, 26% used [0x00000000a0000000,0x00000000a48f2548,0x00000000b1180000)
 Metaspace       used 83437K, capacity 87916K, committed 88024K, reserved 1126400K
  class space    used 10931K, capacity 11747K, committed 11776K, reserved 1048576K
}
Event: 170.157 GC heap before
{Heap before GC invocations=26 (full 3):
 PSYoungGen      total 422912K, used 411646K [0x00000000e0000000, 0x00000000fbe80000, 0x0000000100000000)
  eden space 392704K, 100% used [0x00000000e0000000,0x00000000f7f80000,0x00000000f7f80000)
  from space 30208K, 62% used [0x00000000fa100000,0x00000000fb37fa60,0x00000000fbe80000)
  to   space 32256K, 0% used [0x00000000f7f80000,0x00000000f7f80000,0x00000000f9f00000)
 ParOldGen       total 280064K, used 74697K [0x00000000a0000000, 0x00000000b1180000, 0x00000000e0000000)
  object space 280064K, 26% used [0x00000000a0000000,0x00000000a48f2548,0x00000000b1180000)
 Metaspace       used 83591K, capacity 88080K, committed 88408K, reserved 1126400K
  class space    used 10940K, capacity 11779K, committed 11904K, reserved 1048576K
Event: 170.180 GC heap after
Heap after GC invocations=26 (full 3):
 PSYoungGen      total 424960K, used 15995K [0x00000000e0000000, 0x0000000100000000, 0x0000000100000000)
  eden space 392704K, 0% used [0x00000000e0000000,0x00000000e0000000,0x00000000f7f80000)
  from space 32256K, 49% used [0x00000000f7f80000,0x00000000f8f1ee48,0x00000000f9f00000)
  to   space 31232K, 0% used [0x00000000fe180000,0x00000000fe180000,0x0000000100000000)
 ParOldGen       total 280064K, used 76734K [0x00000000a0000000, 0x00000000b1180000, 0x00000000e0000000)
  object space 280064K, 27% used [0x00000000a0000000,0x00000000a4aef930,0x00000000b1180000)
 Metaspace       used 83591K, capacity 88080K, committed 88408K, reserved 1126400K
  class space    used 10940K, capacity 11779K, committed 11904K, reserved 1048576K
}
Event: 170.953 GC heap before
{Heap before GC invocations=27 (full 3):
 PSYoungGen      total 424960K, used 408699K [0x00000000e0000000, 0x0000000100000000, 0x0000000100000000)
  eden space 392704K, 100% used [0x00000000e0000000,0x00000000f7f80000,0x00000000f7f80000)
  from space 32256K, 49% used [0x00000000f7f80000,0x00000000f8f1ee48,0x00000000f9f00000)
  to   space 31232K, 0% used [0x00000000fe180000,0x00000000fe180000,0x0000000100000000)
 ParOldGen       total 280064K, used 76734K [0x00000000a0000000, 0x00000000b1180000, 0x00000000e0000000)
  object space 280064K, 27% used [0x00000000a0000000,0x00000000a4aef930,0x00000000b1180000)
 Metaspace       used 83637K, capacity 88084K, committed 88408K, reserved 1126400K
  class space    used 10940K, capacity 11779K, committed 11904K, reserved 1048576K
Event: 170.966 GC heap after
Heap after GC invocations=27 (full 3):
 PSYoungGen      total 492032K, used 8277K [0x00000000e0000000, 0x0000000100000000, 0x0000000100000000)
  eden space 460800K, 0% used [0x00000000e0000000,0x00000000e0000000,0x00000000fc200000)
  from space 31232K, 26% used [0x00000000fe180000,0x00000000fe9956c0,0x0000000100000000)
  to   space 31744K, 0% used [0x00000000fc200000,0x00000000fc200000,0x00000000fe100000)
 ParOldGen       total 280064K, used 86560K [0x00000000a0000000, 0x00000000b1180000, 0x00000000e0000000)
  object space 280064K, 30% used [0x00000000a0000000,0x00000000a5488158,0x00000000b1180000)
 Metaspace       used 83637K, capacity 88084K, committed 88408K, reserved 1126400K
  class space    used 10940K, capacity 11779K, committed 11904K, reserved 1048576K
}

